
2021-04-23 17:13:51 UTC: Goals           : lib inc common -j1
2021-04-23 17:13:51 UTC: Configurations  : 1
2021-04-23 17:13:51 UTC: Making          :   1 of   1 : lin_32e-rtl_5_nor_dyn.rel.45.c0.s0....h0-juan-pc-asus
2021-04-23 17:13:51 UTC: --- Failure --- : lin_32e-rtl_5_nor_dyn.rel.45.c0.s0....h0-juan-pc-asus
2021-04-23 17:13:51 UTC: Successes       :   0 of   1
2021-04-23 17:13:51 UTC: Failures        :   1 of   1
2021-04-23 17:13:51 UTC: Time elapsed    :   00:00:00
2021-04-23 17:13:51 UTC: Overall result  : --- Failure ---

2021-04-23 17:14:18 UTC: Goals           : lib inc common -j1
2021-04-23 17:14:18 UTC: Configurations  : 1
2021-04-23 17:14:18 UTC: Making          :   1 of   1 : lin_32e-rtl_5_nor_dyn.rel.45.c0.s0....h0-juan-pc-asus
2021-04-23 17:14:32 UTC: --- Failure --- : lin_32e-rtl_5_nor_dyn.rel.45.c0.s0....h0-juan-pc-asus
2021-04-23 17:14:32 UTC: Successes       :   0 of   1
2021-04-23 17:14:32 UTC: Failures        :   1 of   1
2021-04-23 17:14:32 UTC: Time elapsed    :   00:00:14
2021-04-23 17:14:32 UTC: Overall result  : --- Failure ---

2021-04-23 17:15:37 UTC: Goals           : lib inc common -j1
2021-04-23 17:15:37 UTC: Configurations  : 1
2021-04-23 17:15:37 UTC: Making          :   1 of   1 : lin_32e-rtl_5_nor_dyn.rel.45.c0.s0....h0-juan-pc-asus
2021-04-23 17:15:38 UTC: --- Failure --- : lin_32e-rtl_5_nor_dyn.rel.45.c0.s0....h0-juan-pc-asus
2021-04-23 17:15:38 UTC: Successes       :   0 of   1
2021-04-23 17:15:38 UTC: Failures        :   1 of   1
2021-04-23 17:15:38 UTC: Time elapsed    :   00:00:01
2021-04-23 17:15:38 UTC: Overall result  : --- Failure ---

2021-04-23 17:16:03 UTC: Goals           : lib inc common -j1
2021-04-23 17:16:03 UTC: Configurations  : 1
2021-04-23 17:16:03 UTC: Making          :   1 of   1 : lin_32e-rtl_5_nor_dyn.rel.45.c0.s0....h0-juan-pc-asus
2021-04-23 17:16:03 UTC: --- Failure --- : lin_32e-rtl_5_nor_dyn.rel.45.c0.s0....h0-juan-pc-asus
2021-04-23 17:16:03 UTC: Successes       :   0 of   1
2021-04-23 17:16:03 UTC: Failures        :   1 of   1
2021-04-23 17:16:03 UTC: Time elapsed    :   00:00:00
2021-04-23 17:16:03 UTC: Overall result  : --- Failure ---

2021-04-23 17:16:15 UTC: Goals           : lib inc common -j1
2021-04-23 17:16:15 UTC: Configurations  : 1
2021-04-23 17:16:15 UTC: Making          :   1 of   1 : lin_32e-rtl_5_nor_dyn.rel.45.c0.s0....h0-juan-pc-asus
2021-04-23 17:16:33 UTC: --- Failure --- : lin_32e-rtl_5_nor_dyn.rel.45.c0.s0....h0-juan-pc-asus
2021-04-23 17:16:33 UTC: Successes       :   0 of   1
2021-04-23 17:16:33 UTC: Failures        :   1 of   1
2021-04-23 17:16:33 UTC: Time elapsed    :   00:00:18
2021-04-23 17:16:33 UTC: Overall result  : --- Failure ---

2021-04-23 17:20:07 UTC: Goals           : lib inc common -j1
2021-04-23 17:20:07 UTC: Configurations  : 1
2021-04-23 17:20:07 UTC: Making          :   1 of   1 : lin_32e-rtl_5_nor_dyn.rel.45.c0.s0....h0-juan-pc-asus
2021-04-23 17:20:07 UTC: --- Failure --- : lin_32e-rtl_5_nor_dyn.rel.45.c0.s0....h0-juan-pc-asus
2021-04-23 17:20:07 UTC: Successes       :   0 of   1
2021-04-23 17:20:07 UTC: Failures        :   1 of   1
2021-04-23 17:20:07 UTC: Time elapsed    :   00:00:00
2021-04-23 17:20:07 UTC: Overall result  : --- Failure ---

2021-04-23 17:20:13 UTC: Goals           : lib inc common -j1
2021-04-23 17:20:13 UTC: Configurations  : 1
2021-04-23 17:20:13 UTC: Making          :   1 of   1 : lin_32e-rtl_5_nor_dyn.rel.45.c0.s0....h0-juan-pc-asus
2021-04-23 17:20:21 UTC: --- Failure --- : lin_32e-rtl_5_nor_dyn.rel.45.c0.s0....h0-juan-pc-asus
2021-04-23 17:20:21 UTC: Successes       :   0 of   1
2021-04-23 17:20:21 UTC: Failures        :   1 of   1
2021-04-23 17:20:21 UTC: Time elapsed    :   00:00:08
2021-04-23 17:20:21 UTC: Overall result  : --- Failure ---

2021-04-23 17:20:31 UTC: Goals           : lib inc common -j1
2021-04-23 17:20:31 UTC: Configurations  : 1
2021-04-23 17:20:31 UTC: Making          :   1 of   1 : lin_32e-rtl_5_nor_dyn.rel.45.c0.s0....h0-juan-pc-asus
2021-04-23 17:20:38 UTC: --- Failure --- : lin_32e-rtl_5_nor_dyn.rel.45.c0.s0....h0-juan-pc-asus
2021-04-23 17:20:38 UTC: Successes       :   0 of   1
2021-04-23 17:20:38 UTC: Failures        :   1 of   1
2021-04-23 17:20:38 UTC: Time elapsed    :   00:00:07
2021-04-23 17:20:38 UTC: Overall result  : --- Failure ---

2021-04-23 17:20:43 UTC: Goals           : lib inc common -j1
2021-04-23 17:20:43 UTC: Configurations  : 1
2021-04-23 17:20:43 UTC: Making          :   1 of   1 : lin_32e-rtl_5_nor_dyn.rel.45.c0.s0....h0-juan-pc-asus
2021-04-23 17:20:52 UTC: --- Failure --- : lin_32e-rtl_5_nor_dyn.rel.45.c0.s0....h0-juan-pc-asus
2021-04-23 17:20:52 UTC: Successes       :   0 of   1
2021-04-23 17:20:52 UTC: Failures        :   1 of   1
2021-04-23 17:20:52 UTC: Time elapsed    :   00:00:09
2021-04-23 17:20:52 UTC: Overall result  : --- Failure ---

2021-04-23 18:03:14 UTC: Goals           : lib inc common -j1
2021-04-23 18:03:14 UTC: Configurations  : 1
2021-04-23 18:03:14 UTC: Making          :   1 of   1 : lin_32e-rtl_5_nor_dyn.rel.45.c0.s0....h0-juan-pc-asus
2021-04-23 18:03:14 UTC: --- Failure --- : lin_32e-rtl_5_nor_dyn.rel.45.c0.s0....h0-juan-pc-asus
2021-04-23 18:03:14 UTC: Successes       :   0 of   1
2021-04-23 18:03:14 UTC: Failures        :   1 of   1
2021-04-23 18:03:14 UTC: Time elapsed    :   00:00:00
2021-04-23 18:03:14 UTC: Overall result  : --- Failure ---

2021-04-23 18:03:20 UTC: Goals           : lib inc common -j1
2021-04-23 18:03:20 UTC: Configurations  : 1
2021-04-23 18:03:20 UTC: Making          :   1 of   1 : lin_32e-rtl_5_nor_dyn.rel.45.c0.s0....h0-juan-pc-asus
2021-04-23 18:03:41 UTC: +++ Success +++ : lin_32e-rtl_5_nor_dyn.rel.45.c0.s0....h0-juan-pc-asus
2021-04-23 18:03:41 UTC: Successes       :   1 of   1
2021-04-23 18:03:41 UTC: Failures        :   0 of   1
2021-04-23 18:03:41 UTC: Time elapsed    :   00:00:21
2021-04-23 18:03:41 UTC: Overall result  : +++ Success +++

2021-04-23 18:21:18 UTC: Goals           : lib inc common -j1
2021-04-23 18:21:18 UTC: Configurations  : 1
2021-04-23 18:21:18 UTC: Making          :   1 of   1 : lin_32e-rtl_5_nor_dyn.rel.45.c0.s0....h0-juan-pc-asus
2021-04-23 18:21:38 UTC: +++ Success +++ : lin_32e-rtl_5_nor_dyn.rel.45.c0.s0....h0-juan-pc-asus
2021-04-23 18:21:38 UTC: Successes       :   1 of   1
2021-04-23 18:21:38 UTC: Failures        :   0 of   1
2021-04-23 18:21:38 UTC: Time elapsed    :   00:00:20
2021-04-23 18:21:38 UTC: Overall result  : +++ Success +++

2021-04-23 18:22:08 UTC: Goals           : lib inc common -j1
2021-04-23 18:22:08 UTC: Configurations  : 1
2021-04-23 18:22:08 UTC: Making          :   1 of   1 : lin_32e-rtl_5_nor_dyn.rel.45.c0.s0....h0-juan-pc-asus
2021-04-23 18:22:29 UTC: +++ Success +++ : lin_32e-rtl_5_nor_dyn.rel.45.c0.s0....h0-juan-pc-asus
2021-04-23 18:22:29 UTC: Successes       :   1 of   1
2021-04-23 18:22:29 UTC: Failures        :   0 of   1
2021-04-23 18:22:29 UTC: Time elapsed    :   00:00:21
2021-04-23 18:22:29 UTC: Overall result  : +++ Success +++

2021-04-24 01:26:31 UTC: Goals           : lib inc common -j1
2021-04-24 01:26:31 UTC: Configurations  : 1
2021-04-24 01:26:31 UTC: Making          :   1 of   1 : lin_32e-rtl_5_nor_dyn.rel.45.c0.s0....h0-juan-pc-asus
2021-04-24 01:26:47 UTC: +++ Success +++ : lin_32e-rtl_5_nor_dyn.rel.45.c0.s0....h0-juan-pc-asus
2021-04-24 01:26:47 UTC: Successes       :   1 of   1
2021-04-24 01:26:47 UTC: Failures        :   0 of   1
2021-04-24 01:26:47 UTC: Time elapsed    :   00:00:16
2021-04-24 01:26:47 UTC: Overall result  : +++ Success +++

2021-09-18 17:28:05 UTC: Goals           : lib inc common -j1
2021-09-18 17:28:05 UTC: Configurations  : 1
2021-09-18 17:28:05 UTC: Making          :   1 of   1 : lin_32e-rtl_5_nor_dyn.rel.45.c0.s0....h0-juan-pc-asus
2021-09-18 17:28:06 UTC: --- Failure --- : lin_32e-rtl_5_nor_dyn.rel.45.c0.s0....h0-juan-pc-asus
2021-09-18 17:28:06 UTC: Successes       :   0 of   1
2021-09-18 17:28:06 UTC: Failures        :   1 of   1
2021-09-18 17:28:06 UTC: Time elapsed    :   00:00:01
2021-09-18 17:28:06 UTC: Overall result  : --- Failure ---

2021-09-18 17:28:09 UTC: Goals           : lib inc common -j1
2021-09-18 17:28:09 UTC: Configurations  : 1
2021-09-18 17:28:09 UTC: Making          :   1 of   1 : lin_32e-rtl_5_nor_dyn.rel.45.c0.s0....h0-juan-pc-asus
2021-09-18 17:28:09 UTC: --- Failure --- : lin_32e-rtl_5_nor_dyn.rel.45.c0.s0....h0-juan-pc-asus
2021-09-18 17:28:09 UTC: Successes       :   0 of   1
2021-09-18 17:28:09 UTC: Failures        :   1 of   1
2021-09-18 17:28:09 UTC: Time elapsed    :   00:00:00
2021-09-18 17:28:09 UTC: Overall result  : --- Failure ---

2021-09-18 17:28:21 UTC: Goals           : lib inc common -j1
2021-09-18 17:28:21 UTC: Configurations  : 1
2021-09-18 17:28:21 UTC: Making          :   1 of   1 : lin_32e-rtl_5_nor_dyn.rel.45.c0.s0....h0-juan-pc-asus
2021-09-18 17:28:22 UTC: +++ Success +++ : lin_32e-rtl_5_nor_dyn.rel.45.c0.s0....h0-juan-pc-asus
2021-09-18 17:28:22 UTC: Successes       :   1 of   1
2021-09-18 17:28:22 UTC: Failures        :   0 of   1
2021-09-18 17:28:22 UTC: Time elapsed    :   00:00:01
2021-09-18 17:28:22 UTC: Overall result  : +++ Success +++
